#
# There is insufficient memory for the Java Runtime Environment to continue.
# Native memory allocation (mmap) failed to map 65536 bytes for Failed to commit area from 0x0000026b5c350000 to 0x0000026b5c360000 of length 65536.
# Possible reasons:
#   The system is out of physical RAM or swap space
#   The process is running with CompressedOops enabled, and the Java Heap may be blocking the growth of the native heap
# Possible solutions:
#   Reduce memory load on the system
#   Increase physical memory or swap space
#   Check if swap backing store is full
#   Decrease Java heap size (-Xmx/-Xms)
#   Decrease number of Java threads
#   Decrease Java thread stack sizes (-Xss)
#   Set larger code cache with -XX:ReservedCodeCacheSize=
# This output file may be truncated or incomplete.
#
#  Out of Memory Error (./open/src/hotspot/os/windows/os_windows.cpp:3293), pid=8028, tid=9884
#
# JRE version:  (11.0.20+9) (build )
# Java VM: Java HotSpot(TM) 64-Bit Server VM (11.0.20+9-LTS-256, mixed mode, sharing, tiered, compressed oops, g1 gc, windows-amd64)
# No core dump will be written. Minidumps are not enabled by default on client versions of Windows
#

---------------  S U M M A R Y ------------

Command Line: C:\Users\admin\AppData\Local\Temp\surefire3000030230343368199\surefirebooter-20240115131907744_3.jar C:\Users\admin\AppData\Local\Temp\surefire3000030230343368199 2024-01-15T13-19-07_425-jvmRun1 surefire-20240115131907744_1tmp surefire_0-20240115131907744_2tmp

Host: Intel(R) Core(TM) i3-3220 CPU @ 3.30GHz, 4 cores, 11G,  Windows 10 , 64 bit Build 19041 (10.0.19041.3636)
Time: Mon Jan 15 13:19:08 2024 GMT Standard Time elapsed time: 0.025959 seconds (0d 0h 0m 0s)

---------------  T H R E A D  ---------------

Current thread (0x0000026b41a22800):  JavaThread "Unknown thread" [_thread_in_vm, id=9884, stack(0x000000e562600000,0x000000e562700000)]

Stack: [0x000000e562600000,0x000000e562700000]
Native frames: (J=compiled Java code, j=interpreted, Vv=VM code, C=native code)
V  [jvm.dll+0x6602ba]
V  [jvm.dll+0x7a32af]
V  [jvm.dll+0x7a4979]
V  [jvm.dll+0x7a5013]
V  [jvm.dll+0x258ef5]
V  [jvm.dll+0x65d619]
V  [jvm.dll+0x652375]
V  [jvm.dll+0x31359d]
V  [jvm.dll+0x313402]
V  [jvm.dll+0x318150]
V  [jvm.dll+0x360154]
V  [jvm.dll+0x35fba2]
V  [jvm.dll+0x2eec28]
V  [jvm.dll+0x2efd35]
V  [jvm.dll+0x77c327]
V  [jvm.dll+0x77dc0f]
V  [jvm.dll+0x36d3d9]
V  [jvm.dll+0x760d0f]
V  [jvm.dll+0x3df467]
V  [jvm.dll+0x3e1511]
C  [jli.dll+0x52e7]
C  [ucrtbase.dll+0x21bb2]
C  [KERNEL32.DLL+0x17344]
C  [ntdll.dll+0x526b1]


---------------  P R O C E S S  ---------------

Threads class SMR info:
_java_thread_list=0x0000026b3f7b0840, length=0, elements={
}

Java Threads: ( => current thread )

Other Threads:
  0x0000026b41a3a000 GCTaskThread "GC Thread#0" [stack: 0x000000e562700000,0x000000e562800000] [id=7320]
  0x0000026b41a7f000 ConcurrentGCThread "G1 Main Marker" [stack: 0x000000e562800000,0x000000e562900000] [id=14128]
  0x0000026b41a82800 ConcurrentGCThread "G1 Conc#0" [stack: 0x000000e562900000,0x000000e562a00000] [id=1920]

[error occurred during error reporting (printing all threads), id 0xc0000005, EXCEPTION_ACCESS_VIOLATION (0xc0000005) at pc=0x00007ffcbb8cf6e7]

VM state:not at safepoint (not fully initialized)

VM Mutex/Monitor currently owned by a thread:  ([mutex/lock_event])
[0x0000026b41a20210] Heap_lock - owner thread: 0x0000026b41a22800

Heap address: 0x0000000741c00000, size: 3044 MB, Compressed Oops mode: Non-zero based: 0x0000000741c00000
Narrow klass base: 0x0000000000000000, Narrow klass shift: 0

GC Heap History (0 events):
No events

Deoptimization events (0 events):
No events

Classes redefined (0 events):
No events

Internal exceptions (0 events):
No events

Events (0 events):
No events


Dynamic libraries:
0x00007ff7e2110000 - 0x00007ff7e2120000 	C:\Program Files\Java\jdk-11\bin\java.exe
0x00007ffd006b0000 - 0x00007ffd008a8000 	C:\WINDOWS\SYSTEM32\ntdll.dll
0x00007ffcff310000 - 0x00007ffcff3cd000 	C:\WINDOWS\System32\KERNEL32.DLL
0x00007ffcfe0c0000 - 0x00007ffcfe3b6000 	C:\WINDOWS\System32\KERNELBASE.dll
0x00007ffcfdd80000 - 0x00007ffcfde80000 	C:\WINDOWS\System32\ucrtbase.dll
0x00007ffcf2300000 - 0x00007ffcf2319000 	C:\Program Files\Java\jdk-11\bin\jli.dll
0x00007ffcf9800000 - 0x00007ffcf981b000 	C:\Program Files\Java\jdk-11\bin\VCRUNTIME140.dll
0x00007ffd00140000 - 0x00007ffd001f3000 	C:\WINDOWS\System32\ADVAPI32.dll
0x00007ffcff3d0000 - 0x00007ffcff46e000 	C:\WINDOWS\System32\msvcrt.dll
0x00007ffcff200000 - 0x00007ffcff29f000 	C:\WINDOWS\System32\sechost.dll
0x00007ffcffdd0000 - 0x00007ffcffef6000 	C:\WINDOWS\System32\RPCRT4.dll
0x00007ffcfde80000 - 0x00007ffcfdea7000 	C:\WINDOWS\System32\bcrypt.dll
0x00007ffcfefd0000 - 0x00007ffcff16e000 	C:\WINDOWS\System32\USER32.dll
0x00007ffcf4370000 - 0x00007ffcf460a000 	C:\WINDOWS\WinSxS\amd64_microsoft.windows.common-controls_6595b64144ccf1df_6.0.19041.3636_none_60b6a03d71f818d5\COMCTL32.dll
0x00007ffcfe020000 - 0x00007ffcfe042000 	C:\WINDOWS\System32\win32u.dll
0x00007ffcffbd0000 - 0x00007ffcffbfc000 	C:\WINDOWS\System32\GDI32.dll
0x00007ffcfdeb0000 - 0x00007ffcfdfca000 	C:\WINDOWS\System32\gdi32full.dll
0x00007ffcfe5d0000 - 0x00007ffcfe66d000 	C:\WINDOWS\System32\msvcp_win.dll
0x00007ffcf5880000 - 0x00007ffcf588a000 	C:\WINDOWS\SYSTEM32\VERSION.dll
0x00007ffcff1d0000 - 0x00007ffcff200000 	C:\WINDOWS\System32\IMM32.DLL
0x00007ffcf22f0000 - 0x00007ffcf22fc000 	C:\Program Files\Java\jdk-11\bin\vcruntime140_1.dll
0x00007ffcf0b60000 - 0x00007ffcf0bee000 	C:\Program Files\Java\jdk-11\bin\msvcp140.dll
0x00007ffcbb5d0000 - 0x00007ffcbc13d000 	C:\Program Files\Java\jdk-11\bin\server\jvm.dll
0x00007ffcebe90000 - 0x00007ffcebe99000 	C:\WINDOWS\SYSTEM32\WSOCK32.dll
0x00007ffcf41e0000 - 0x00007ffcf4207000 	C:\WINDOWS\SYSTEM32\WINMM.dll
0x00007ffcfefc0000 - 0x00007ffcfefc8000 	C:\WINDOWS\System32\PSAPI.DLL
0x00007ffcff2a0000 - 0x00007ffcff30b000 	C:\WINDOWS\System32\WS2_32.dll
0x00007ffcfc540000 - 0x00007ffcfc552000 	C:\WINDOWS\SYSTEM32\kernel.appcore.dll
0x00007ffcf22e0000 - 0x00007ffcf22f0000 	C:\Program Files\Java\jdk-11\bin\verify.dll
0x00007ffcedb00000 - 0x00007ffcedce4000 	C:\WINDOWS\SYSTEM32\DBGHELP.DLL
0x00007ffced130000 - 0x00007ffced164000 	C:\WINDOWS\SYSTEM32\dbgcore.DLL
0x00007ffcfe670000 - 0x00007ffcfe6f2000 	C:\WINDOWS\System32\bcryptPrimitives.dll
0x00007ffcf0920000 - 0x00007ffcf0948000 	C:\Program Files\Java\jdk-11\bin\java.dll
0x00007ffcf0b50000 - 0x00007ffcf0b5a000 	C:\Program Files\Java\jdk-11\bin\jimage.dll
0x00007ffcf0900000 - 0x00007ffcf0917000 	C:\Program Files\Java\jdk-11\bin\zip.dll

dbghelp: loaded successfully - version: 4.0.5 - missing functions: none
symbol engine: initialized successfully - sym options: 0x614 - pdb path: .;C:\Program Files\Java\jdk-11\bin;C:\WINDOWS\SYSTEM32;C:\WINDOWS\WinSxS\amd64_microsoft.windows.common-controls_6595b64144ccf1df_6.0.19041.3636_none_60b6a03d71f818d5;C:\Program Files\Java\jdk-11\bin\server

VM Arguments:
java_command: C:\Users\admin\AppData\Local\Temp\surefire3000030230343368199\surefirebooter-20240115131907744_3.jar C:\Users\admin\AppData\Local\Temp\surefire3000030230343368199 2024-01-15T13-19-07_425-jvmRun1 surefire-20240115131907744_1tmp surefire_0-20240115131907744_2tmp
java_class_path (initial): C:\Users\admin\AppData\Local\Temp\surefire3000030230343368199\surefirebooter-20240115131907744_3.jar
Launcher Type: SUN_STANDARD

[Global flags]
     intx CICompilerCount                          = 3                                         {product} {ergonomic}
     uint ConcGCThreads                            = 1                                         {product} {ergonomic}
     uint G1ConcRefinementThreads                  = 4                                         {product} {ergonomic}
   size_t G1HeapRegionSize                         = 1048576                                   {product} {ergonomic}
    uintx GCDrainStackTargetSize                   = 64                                        {product} {ergonomic}
   size_t InitialHeapSize                          = 201326592                                 {product} {ergonomic}
   size_t MarkStackSize                            = 4194304                                   {product} {ergonomic}
   size_t MaxHeapSize                              = 3191865344                                {product} {ergonomic}
   size_t MinHeapDeltaBytes                        = 1048576                                   {product} {ergonomic}
    uintx NonNMethodCodeHeapSize                   = 5830732                                {pd product} {ergonomic}
    uintx NonProfiledCodeHeapSize                  = 122913754                              {pd product} {ergonomic}
    uintx ProfiledCodeHeapSize                     = 122913754                              {pd product} {ergonomic}
    uintx ReservedCodeCacheSize                    = 251658240                              {pd product} {ergonomic}
     bool SegmentedCodeCache                       = true                                      {product} {ergonomic}
     bool UseCompressedClassPointers               = true                                 {lp64_product} {ergonomic}
     bool UseCompressedOops                        = true                                 {lp64_product} {ergonomic}
     bool UseG1GC                                  = true                                      {product} {ergonomic}
     bool UseLargePagesIndividualAllocation        = false                                  {pd product} {ergonomic}

Logging:
Log output configuration:
 #0: stdout all=warning uptime,level,tags
 #1: stderr all=off uptime,level,tags

Environment Variables:
JAVA_HOME=C:\Program Files\Java\jdk-11
PATH=C:\Program Files\Common Files\Oracle\Java\javapath;C:\Program Files (x86)\Common Files\Oracle\Java\javapath;C:\WINDOWS\system32;C:\WINDOWS;C:\WINDOWS\System32\Wbem;C:\WINDOWS\System32\WindowsPowerShell\v1.0\;D:\jdk\Jdk\bin;C:\Program Files\Git\cmd;C:\Program Files\Azure Data Studio\bin;C:\Program Files\Microsoft SQL Server\Client SDK\ODBC\130\Tools\Binn\;C:\Program Files (x86)\Microsoft SQL Server\140\Tools\Binn\;C:\Program Files\Microsoft SQL Server\140\Tools\Binn\;C:\Program Files\Microsoft SQL Server\140\DTS\Binn\;C:\Program Files (x86)\Microsoft SQL Server\Client SDK\ODBC\130\Tools\Binn\;C:\Program Files (x86)\Microsoft SQL Server\140\DTS\Binn\;C:\Program Files (x86)\Microsoft SQL Server\140\Tools\Binn\ManagementStudio\;C:\Program Files\nodejs\;C:\WINDOWS\System32\OpenSSH\;C:\Program Files\Maven\apache-maven-3.9.6\bin;C:\Program Files\Java\jdk-11\bin;C:\Program Files\MySQL\MySQL Shell 8.0\bin\;C:\Program Files\Azure Data Studio\bin;D:\VS_Code\bin;C:\Users\admin\AppData\Roaming\npm;C:\Users\admin\AppData\Local\Microsoft\WindowsApps;C:\Program Files\Maven\apache-maven-3.9.6\bin;
USERNAME=admin
OS=Windows_NT
PROCESSOR_IDENTIFIER=Intel64 Family 6 Model 58 Stepping 9, GenuineIntel



---------------  S Y S T E M  ---------------

OS: Windows 10 , 64 bit Build 19041 (10.0.19041.3636)

CPU:total 4 (initial active 4) (2 cores per cpu, 2 threads per core) family 6 model 58 stepping 9 microcode 0x21, cmov, cx8, fxsr, mmx, sse, sse2, sse3, ssse3, sse4.1, sse4.2, popcnt, avx, clmul, erms, ht, tsc, tscinvbit, tscinv

Memory: 4k page, system-wide physical 12175M (1169M free)
TotalPageFile size 16265M (AvailPageFile size 5M)
current process WorkingSet (physical memory assigned to process): 13M, peak: 13M
current process commit charge ("private bytes"): 248M, peak: 248M

vm_info: Java HotSpot(TM) 64-Bit Server VM (11.0.20+9-LTS-256) for windows-amd64 JRE (11.0.20+9-LTS-256), built on Jun 14 2023 10:34:22 by "mach5one" with MS VC++ 17.1 (VS2022)

END.
